<?xml version="1.0" encoding="UTF-8"?>
<!-- Generated by org.testng.reporters.JUnitReportReporter -->
<testsuite skipped="0" hostname="DESKTOP-A1LG2NG" name="mmmmmm.zeroTest" tests="2" failures="0" timestamp="3 Oct 2020 12:31:33 GMT" time="0.006" errors="0">
  <testcase name="tc1" time="0.002" classname="mmmmmm.zeroTest"/>
  <testcase name="loginPage" time="0.004" classname="mmmmmm.zeroTest"/>
</testsuite> <!-- mmmmmm.zeroTest -->
