<?xml version="1.0" encoding="UTF-8"?>
<!-- Generated by org.testng.reporters.JUnitReportReporter -->
<testsuite skipped="0" hostname="DESKTOP-A1LG2NG" name="mmmmmm.AppTest" tests="1" failures="0" timestamp="3 Oct 2020 12:31:34 GMT" time="0.061" errors="0">
  <testcase name="testApp" time="0.061" classname="mmmmmm.AppTest"/>
</testsuite> <!-- mmmmmm.AppTest -->
